<?xml version="1.0" encoding="UTF-8"?>
<testng-results ignored="3" total="13" passed="9" failed="1" skipped="0">
  <reporter-output>
  </reporter-output>
  <suite started-at="2023-03-11T01:06:45 IST" name="LoanDapartment" finished-at="2023-03-11T01:06:45 IST" duration-ms="47">
    <groups>
      <group name="Smoke">
        <method signature="day2.Demo3()[pri:0, instance:test.day2@5f9b2141]" name="Demo3" class="test.day2"/>
        <method signature="day4.LoginAPIHomeLoan()[pri:0, instance:test.day4@247d8ae]" name="LoginAPIHomeLoan" class="test.day4"/>
        <method signature="day3.MobileSignOutCarLoan()[pri:0, instance:test.day3@618425b5]" name="MobileSignOutCarLoan" class="test.day3"/>
      </group> <!-- Smoke -->
    </groups>
    <test started-at="2023-03-11T01:06:45 IST" name="CarLoan" finished-at="2023-03-11T01:06:45 IST" duration-ms="47">
      <class name="test.day3">
        <test-method is-config="true" signature="BfSuite()[pri:0, instance:test.day3@618425b5]" started-at="2023-03-11T01:06:45 IST" name="BfSuite" finished-at="2023-03-11T01:06:45 IST" duration-ms="7" status="PASS">
          <reporter-output>
          </reporter-output>
        </test-method> <!-- BfSuite -->
        <test-method is-config="true" signature="BfClass()[pri:0, instance:test.day3@618425b5]" started-at="2023-03-11T01:06:45 IST" name="BfClass" finished-at="2023-03-11T01:06:45 IST" duration-ms="0" status="PASS">
          <reporter-output>
          </reporter-output>
        </test-method> <!-- BfClass -->
        <test-method is-config="true" signature="BeforeEvery()[pri:0, instance:test.day3@618425b5]" started-at="2023-03-11T01:06:45 IST" name="BeforeEvery" finished-at="2023-03-11T01:06:45 IST" duration-ms="0" status="PASS">
          <reporter-output>
          </reporter-output>
        </test-method> <!-- BeforeEvery -->
        <test-method signature="MobileLoginCarLoan(java.lang.String,java.lang.String)[pri:0, instance:test.day3@618425b5]" started-at="2023-03-11T01:06:45 IST" name="MobileLoginCarLoan" data-provider="getData" finished-at="2023-03-11T01:06:45 IST" duration-ms="6" status="PASS">
          <params>
            <param index="0">
              <value>
                <![CDATA[username1]]>
              </value>
            </param>
            <param index="1">
              <value>
                <![CDATA[password1]]>
              </value>
            </param>
          </params>
          <reporter-output>
          </reporter-output>
        </test-method> <!-- MobileLoginCarLoan -->
        <test-method is-config="true" signature="AfterEvery()[pri:0, instance:test.day3@618425b5]" started-at="2023-03-11T01:06:45 IST" name="AfterEvery" finished-at="2023-03-11T01:06:45 IST" duration-ms="0" status="PASS">
          <reporter-output>
          </reporter-output>
        </test-method> <!-- AfterEvery -->
        <test-method is-config="true" signature="BeforeEvery()[pri:0, instance:test.day3@618425b5]" started-at="2023-03-11T01:06:45 IST" name="BeforeEvery" finished-at="2023-03-11T01:06:45 IST" duration-ms="1" status="PASS">
          <reporter-output>
          </reporter-output>
        </test-method> <!-- BeforeEvery -->
        <test-method signature="MobileLoginCarLoan(java.lang.String,java.lang.String)[pri:0, instance:test.day3@618425b5]" started-at="2023-03-11T01:06:45 IST" name="MobileLoginCarLoan" data-provider="getData" finished-at="2023-03-11T01:06:45 IST" duration-ms="1" status="PASS">
          <params>
            <param index="0">
              <value>
                <![CDATA[username2]]>
              </value>
            </param>
            <param index="1">
              <value>
                <![CDATA[password2]]>
              </value>
            </param>
          </params>
          <reporter-output>
          </reporter-output>
        </test-method> <!-- MobileLoginCarLoan -->
        <test-method is-config="true" signature="AfterEvery()[pri:0, instance:test.day3@618425b5]" started-at="2023-03-11T01:06:45 IST" name="AfterEvery" finished-at="2023-03-11T01:06:45 IST" duration-ms="0" status="PASS">
          <reporter-output>
          </reporter-output>
        </test-method> <!-- AfterEvery -->
        <test-method is-config="true" signature="BeforeEvery()[pri:0, instance:test.day3@618425b5]" started-at="2023-03-11T01:06:45 IST" name="BeforeEvery" finished-at="2023-03-11T01:06:45 IST" duration-ms="0" status="PASS">
          <reporter-output>
          </reporter-output>
        </test-method> <!-- BeforeEvery -->
        <test-method signature="MobileLoginCarLoan(java.lang.String,java.lang.String)[pri:0, instance:test.day3@618425b5]" started-at="2023-03-11T01:06:45 IST" name="MobileLoginCarLoan" data-provider="getData" finished-at="2023-03-11T01:06:45 IST" duration-ms="1" status="PASS">
          <params>
            <param index="0">
              <value>
                <![CDATA[username3]]>
              </value>
            </param>
            <param index="1">
              <value>
                <![CDATA[password3]]>
              </value>
            </param>
          </params>
          <reporter-output>
          </reporter-output>
        </test-method> <!-- MobileLoginCarLoan -->
        <test-method is-config="true" signature="AfterEvery()[pri:0, instance:test.day3@618425b5]" started-at="2023-03-11T01:06:45 IST" name="AfterEvery" finished-at="2023-03-11T01:06:45 IST" duration-ms="0" status="PASS">
          <reporter-output>
          </reporter-output>
        </test-method> <!-- AfterEvery -->
        <test-method is-config="true" signature="BeforeEvery()[pri:0, instance:test.day3@618425b5]" started-at="2023-03-11T01:06:45 IST" name="BeforeEvery" finished-at="2023-03-11T01:06:45 IST" duration-ms="0" status="PASS">
          <reporter-output>
          </reporter-output>
        </test-method> <!-- BeforeEvery -->
        <test-method signature="MobileSignOutCarLoan()[pri:0, instance:test.day3@618425b5]" started-at="2023-03-11T01:06:45 IST" name="MobileSignOutCarLoan" finished-at="2023-03-11T01:06:45 IST" duration-ms="1" status="PASS">
          <reporter-output>
          </reporter-output>
        </test-method> <!-- MobileSignOutCarLoan -->
        <test-method is-config="true" signature="AfterEvery()[pri:0, instance:test.day3@618425b5]" started-at="2023-03-11T01:06:45 IST" name="AfterEvery" finished-at="2023-03-11T01:06:45 IST" duration-ms="0" status="PASS">
          <reporter-output>
          </reporter-output>
        </test-method> <!-- AfterEvery -->
        <test-method signature="WebLoginCarLoan(java.lang.String,java.lang.String)[pri:0, instance:test.day3@618425b5]" started-at="2023-03-11T01:06:45 IST" name="WebLoginCarLoan" finished-at="2023-03-11T01:06:45 IST" duration-ms="1" status="PASS">
          <params>
            <param index="0">
              <value>
                <![CDATA[carloan.com]]>
              </value>
            </param>
            <param index="1">
              <value>
                <![CDATA[123456]]>
              </value>
            </param>
          </params>
          <reporter-output>
          </reporter-output>
        </test-method> <!-- WebLoginCarLoan -->
        <test-method is-config="true" signature="BeforeEvery()[pri:0, instance:test.day3@618425b5]" started-at="2023-03-11T01:06:45 IST" name="BeforeEvery" finished-at="2023-03-11T01:06:45 IST" duration-ms="0" status="PASS">
          <reporter-output>
          </reporter-output>
        </test-method> <!-- BeforeEvery -->
        <test-method is-config="true" signature="AfterEvery()[pri:0, instance:test.day3@618425b5]" started-at="2023-03-11T01:06:45 IST" name="AfterEvery" finished-at="2023-03-11T01:06:45 IST" duration-ms="0" status="PASS">
          <reporter-output>
          </reporter-output>
        </test-method> <!-- AfterEvery -->
        <test-method is-config="true" signature="AfClass()[pri:0, instance:test.day3@618425b5]" started-at="2023-03-11T01:06:45 IST" name="AfClass" finished-at="2023-03-11T01:06:45 IST" duration-ms="0" status="PASS">
          <reporter-output>
          </reporter-output>
        </test-method> <!-- AfClass -->
      </class> <!-- test.day3 -->
      <class name="test.day1">
        <test-method is-config="true" signature="AfSuite()[pri:0, instance:test.day1@1b6e1eff]" started-at="2023-03-11T01:06:45 IST" name="AfSuite" finished-at="2023-03-11T01:06:45 IST" duration-ms="1" status="PASS">
          <reporter-output>
          </reporter-output>
        </test-method> <!-- AfSuite -->
      </class> <!-- test.day1 -->
    </test> <!-- CarLoan -->
    <test started-at="2023-03-11T01:06:45 IST" name="PersonalLoan" finished-at="2023-03-11T01:06:45 IST" duration-ms="47">
      <class name="test.day4">
        <test-method signature="LoginAPIHomeLoan()[pri:0, instance:test.day4@247d8ae]" started-at="2023-03-11T01:06:45 IST" name="LoginAPIHomeLoan" finished-at="2023-03-11T01:06:45 IST" duration-ms="1" status="PASS">
          <reporter-output>
          </reporter-output>
        </test-method> <!-- LoginAPIHomeLoan -->
        <test-method signature="MobileLoginHomeLoan()[pri:0, instance:test.day4@247d8ae]" started-at="2023-03-11T01:06:45 IST" name="MobileLoginHomeLoan" finished-at="2023-03-11T01:06:45 IST" duration-ms="0" status="PASS">
          <reporter-output>
          </reporter-output>
        </test-method> <!-- MobileLoginHomeLoan -->
        <test-method signature="WebLoginHomeLoan(java.lang.String)[pri:0, instance:test.day4@247d8ae]" started-at="2023-03-11T01:06:45 IST" name="WebLoginHomeLoan" finished-at="2023-03-11T01:06:45 IST" duration-ms="1" status="PASS">
          <params>
            <param index="0">
              <value>
                <![CDATA[personalloan.com]]>
              </value>
            </param>
          </params>
          <reporter-output>
          </reporter-output>
        </test-method> <!-- WebLoginHomeLoan -->
      </class> <!-- test.day4 -->
      <class name="test.day2">
        <test-method is-config="true" signature="prerequisite()[pri:0, instance:test.day2@5f9b2141]" started-at="2023-03-11T01:06:45 IST" name="prerequisite" finished-at="2023-03-11T01:06:45 IST" duration-ms="0" status="PASS">
          <reporter-output>
          </reporter-output>
        </test-method> <!-- prerequisite -->
        <test-method signature="Demo3()[pri:0, instance:test.day2@5f9b2141]" started-at="2023-03-11T01:06:45 IST" name="Demo3" finished-at="2023-03-11T01:06:45 IST" duration-ms="1" status="PASS">
          <reporter-output>
          </reporter-output>
        </test-method> <!-- Demo3 -->
      </class> <!-- test.day2 -->
      <class name="test.day1">
        <test-method signature="Demo()[pri:0, instance:test.day1@1b6e1eff]" started-at="2023-03-11T01:06:45 IST" name="Demo" finished-at="2023-03-11T01:06:45 IST" duration-ms="9" status="FAIL">
          <exception class="java.lang.AssertionError">
            <message>
              <![CDATA[expected [true] but found [false]]]>
            </message>
            <full-stacktrace>
              <![CDATA[java.lang.AssertionError: expected [true] but found [false]
at org.testng.Assert.fail(Assert.java:99)
at org.testng.Assert.failNotEquals(Assert.java:1037)
at org.testng.Assert.assertTrue(Assert.java:45)
at org.testng.Assert.assertTrue(Assert.java:55)
at test.day1.Demo(day1.java:19)
at java.base/jdk.internal.reflect.NativeMethodAccessorImpl.invoke0(Native Method)
at java.base/jdk.internal.reflect.NativeMethodAccessorImpl.invoke(NativeMethodAccessorImpl.java:77)
at java.base/jdk.internal.reflect.DelegatingMethodAccessorImpl.invoke(DelegatingMethodAccessorImpl.java:43)
at java.base/java.lang.reflect.Method.invoke(Method.java:568)
at org.testng.internal.MethodInvocationHelper.invokeMethod(MethodInvocationHelper.java:133)
at org.testng.internal.TestInvoker.invokeMethod(TestInvoker.java:598)
at org.testng.internal.TestInvoker.invokeTestMethod(TestInvoker.java:173)
at org.testng.internal.MethodRunner.runInSequence(MethodRunner.java:46)
at org.testng.internal.TestInvoker$MethodInvocationAgent.invoke(TestInvoker.java:824)
at org.testng.internal.TestInvoker.invokeTestMethods(TestInvoker.java:146)
at org.testng.internal.TestMethodWorker.invokeTestMethods(TestMethodWorker.java:146)
at org.testng.internal.TestMethodWorker.run(TestMethodWorker.java:128)
at java.base/java.util.ArrayList.forEach(ArrayList.java:1511)
at org.testng.TestRunner.privateRun(TestRunner.java:794)
at org.testng.TestRunner.run(TestRunner.java:596)
at org.testng.SuiteRunner.runTest(SuiteRunner.java:377)
at org.testng.SuiteRunner.access$000(SuiteRunner.java:28)
at org.testng.SuiteRunner$SuiteWorker.run(SuiteRunner.java:418)
at org.testng.internal.thread.ThreadUtil.lambda$execute$0(ThreadUtil.java:64)
at java.base/java.util.concurrent.FutureTask.run(FutureTask.java:264)
at java.base/java.util.concurrent.ThreadPoolExecutor.runWorker(ThreadPoolExecutor.java:1136)
at java.base/java.util.concurrent.ThreadPoolExecutor$Worker.run(ThreadPoolExecutor.java:635)
at java.base/java.lang.Thread.run(Thread.java:833)
]]>
            </full-stacktrace>
          </exception> <!-- java.lang.AssertionError -->
          <reporter-output>
          </reporter-output>
        </test-method> <!-- Demo -->
        <test-method is-config="true" signature="postrequisite()[pri:0, instance:test.day1@1b6e1eff]" started-at="2023-03-11T01:06:45 IST" name="postrequisite" finished-at="2023-03-11T01:06:45 IST" duration-ms="0" status="PASS">
          <reporter-output>
          </reporter-output>
        </test-method> <!-- postrequisite -->
      </class> <!-- test.day1 -->
    </test> <!-- PersonalLoan -->
  </suite> <!-- LoanDapartment -->
</testng-results>
